<?xml version="1.0" encoding="UTF-8"?>
<testsuite xmlns:xsi="http://www.w3.org/2001/XMLSchema-instance" xsi:noNamespaceSchemaLocation="https://maven.apache.org/surefire/maven-surefire-plugin/xsd/surefire-test-report-3.0.xsd" version="3.0" name="io.qrun.qctl.core.http.ApiClientTest" time="1.496" tests="2" errors="0" skipped="0" failures="0">
  <properties>
[...]
</properties>
  <testcase name="header_provider_is_invoked" classname="io.qrun.qctl.core.http.ApiClientTest" time="0.099"/>
  <testcase name="error_mapping_status_codes" classname="io.qrun.qctl.core.http.ApiClientTest" time="1.396"/>
</testsuite>